Compiling the C compiler identification source file "CMakeCCompilerId.c" failed.
Compiler: wine /mnt/D/msys64/mingw64/bin 
Build flags: 
Id flags:  

The output was:
No such file or directory


Compiling the C compiler identification source file "CMakeCCompilerId.c" failed.
Compiler: wine /mnt/D/msys64/mingw64/bin 
Build flags: 
Id flags: -c 

The output was:
No such file or directory


Compiling the C compiler identification source file "CMakeCCompilerId.c" failed.
Compiler: wine /mnt/D/msys64/mingw64/bin 
Build flags: 
Id flags: -Aa 

The output was:
No such file or directory


Compiling the C compiler identification source file "CMakeCCompilerId.c" failed.
Compiler: wine /mnt/D/msys64/mingw64/bin 
Build flags: 
Id flags: -D__CLASSIC_C__ 

The output was:
No such file or directory


Compiling the C compiler identification source file "CMakeCCompilerId.c" failed.
Compiler: wine /mnt/D/msys64/mingw64/bin 
Build flags: 
Id flags:  

The output was:
No such file or directory


Compiling the C compiler identification source file "CMakeCCompilerId.c" failed.
Compiler: wine /mnt/D/msys64/mingw64/bin 
Build flags: 
Id flags: -c 

The output was:
No such file or directory


Compiling the C compiler identification source file "CMakeCCompilerId.c" failed.
Compiler: wine /mnt/D/msys64/mingw64/bin 
Build flags: 
Id flags: -Aa 

The output was:
No such file or directory


Compiling the C compiler identification source file "CMakeCCompilerId.c" failed.
Compiler: wine /mnt/D/msys64/mingw64/bin 
Build flags: 
Id flags: -D__CLASSIC_C__ 

The output was:
No such file or directory


Checking whether the C compiler is IAR using "" did not match "IAR .+ Compiler":
Checking whether the C compiler is IAR using "" did not match "IAR .+ Compiler":
Compiling the C compiler identification source file "CMakeCCompilerId.c" failed.
Compiler: bla.sh 
Build flags: 
Id flags:  

The output was:
No such file or directory


Compiling the C compiler identification source file "CMakeCCompilerId.c" failed.
Compiler: bla.sh 
Build flags: 
Id flags: -c 

The output was:
No such file or directory


Compiling the C compiler identification source file "CMakeCCompilerId.c" failed.
Compiler: bla.sh 
Build flags: 
Id flags: -Aa 

The output was:
No such file or directory


Compiling the C compiler identification source file "CMakeCCompilerId.c" failed.
Compiler: bla.sh 
Build flags: 
Id flags: -D__CLASSIC_C__ 

The output was:
No such file or directory


Compiling the C compiler identification source file "CMakeCCompilerId.c" failed.
Compiler: bla.sh 
Build flags: 
Id flags:  

The output was:
No such file or directory


Compiling the C compiler identification source file "CMakeCCompilerId.c" failed.
Compiler: bla.sh 
Build flags: 
Id flags: -c 

The output was:
No such file or directory


Compiling the C compiler identification source file "CMakeCCompilerId.c" failed.
Compiler: bla.sh 
Build flags: 
Id flags: -Aa 

The output was:
No such file or directory


Compiling the C compiler identification source file "CMakeCCompilerId.c" failed.
Compiler: bla.sh 
Build flags: 
Id flags: -D__CLASSIC_C__ 

The output was:
No such file or directory


Checking whether the C compiler is IAR using "" did not match "IAR .+ Compiler":
Checking whether the C compiler is IAR using "" did not match "IAR .+ Compiler":
Compiling the C compiler identification source file "CMakeCCompilerId.c" failed.
Compiler: /home/bml/files/git_x4c/MINGW/bla.sh 
Build flags: 
Id flags:  

The output was:
2
000b:fixme:winediag:start_process Wine Staging 3.20 is a testing version containing experimental patches.
000b:fixme:winediag:start_process Please mention your exact version when filing bug reports on winehq.org.
0011:fixme:module:load_dll Loader redirect from L"uxtheme.dll" to L"uxtheme-gtk.dll"
000b:fixme:module:load_dll Loader redirect from L"uxtheme.dll" to L"uxtheme-gtk.dll"
000b:fixme:msg:pack_message msg 14 (WM_ERASEBKGND) not supported yet
wine: cannot find L"Z:\\mnt\\D\\msys64\\mingw64\\bin."
000d:fixme:module:load_dll Loader redirect from L"uxtheme.dll" to L"uxtheme-gtk.dll"
000d:fixme:msg:pack_message msg 14 (WM_ERASEBKGND) not supported yet


Compiling the C compiler identification source file "CMakeCCompilerId.c" failed.
Compiler: /home/bml/files/git_x4c/MINGW/bla.sh 
Build flags: 
Id flags: -c 

The output was:
2
000b:fixme:winediag:start_process Wine Staging 3.20 is a testing version containing experimental patches.
000b:fixme:winediag:start_process Please mention your exact version when filing bug reports on winehq.org.
0011:fixme:module:load_dll Loader redirect from L"uxtheme.dll" to L"uxtheme-gtk.dll"
000b:fixme:module:load_dll Loader redirect from L"uxtheme.dll" to L"uxtheme-gtk.dll"
000b:fixme:msg:pack_message msg 14 (WM_ERASEBKGND) not supported yet
wine: cannot find L"Z:\\mnt\\D\\msys64\\mingw64\\bin."
000d:fixme:module:load_dll Loader redirect from L"uxtheme.dll" to L"uxtheme-gtk.dll"
000d:fixme:msg:pack_message msg 14 (WM_ERASEBKGND) not supported yet


Compiling the C compiler identification source file "CMakeCCompilerId.c" failed.
Compiler: /home/bml/files/git_x4c/MINGW/bla.sh 
Build flags: 
Id flags: -Aa 

The output was:
2
000b:fixme:winediag:start_process Wine Staging 3.20 is a testing version containing experimental patches.
000b:fixme:winediag:start_process Please mention your exact version when filing bug reports on winehq.org.
0011:fixme:module:load_dll Loader redirect from L"uxtheme.dll" to L"uxtheme-gtk.dll"
000b:fixme:module:load_dll Loader redirect from L"uxtheme.dll" to L"uxtheme-gtk.dll"
000b:fixme:msg:pack_message msg 14 (WM_ERASEBKGND) not supported yet
wine: cannot find L"Z:\\mnt\\D\\msys64\\mingw64\\bin."
000d:fixme:module:load_dll Loader redirect from L"uxtheme.dll" to L"uxtheme-gtk.dll"
000d:fixme:msg:pack_message msg 14 (WM_ERASEBKGND) not supported yet


Compiling the C compiler identification source file "CMakeCCompilerId.c" failed.
Compiler: /home/bml/files/git_x4c/MINGW/bla.sh 
Build flags: 
Id flags: -D__CLASSIC_C__ 

The output was:
2
000b:fixme:winediag:start_process Wine Staging 3.20 is a testing version containing experimental patches.
000b:fixme:winediag:start_process Please mention your exact version when filing bug reports on winehq.org.
0011:fixme:module:load_dll Loader redirect from L"uxtheme.dll" to L"uxtheme-gtk.dll"
000b:fixme:module:load_dll Loader redirect from L"uxtheme.dll" to L"uxtheme-gtk.dll"
000b:fixme:msg:pack_message msg 14 (WM_ERASEBKGND) not supported yet
wine: cannot find L"Z:\\mnt\\D\\msys64\\mingw64\\bin."
000d:fixme:module:load_dll Loader redirect from L"uxtheme.dll" to L"uxtheme-gtk.dll"
000d:fixme:msg:pack_message msg 14 (WM_ERASEBKGND) not supported yet


Compiling the C compiler identification source file "CMakeCCompilerId.c" failed.
Compiler: /home/bml/files/git_x4c/MINGW/bla.sh 
Build flags: 
Id flags:  

The output was:
2
000b:fixme:winediag:start_process Wine Staging 3.20 is a testing version containing experimental patches.
000b:fixme:winediag:start_process Please mention your exact version when filing bug reports on winehq.org.
0011:fixme:module:load_dll Loader redirect from L"uxtheme.dll" to L"uxtheme-gtk.dll"
000b:fixme:module:load_dll Loader redirect from L"uxtheme.dll" to L"uxtheme-gtk.dll"
000b:fixme:msg:pack_message msg 14 (WM_ERASEBKGND) not supported yet
wine: cannot find L"Z:\\mnt\\D\\msys64\\mingw64\\bin."
000d:fixme:module:load_dll Loader redirect from L"uxtheme.dll" to L"uxtheme-gtk.dll"
000d:fixme:msg:pack_message msg 14 (WM_ERASEBKGND) not supported yet


Compiling the C compiler identification source file "CMakeCCompilerId.c" failed.
Compiler: /home/bml/files/git_x4c/MINGW/bla.sh 
Build flags: 
Id flags: -c 

The output was:
2
000b:fixme:winediag:start_process Wine Staging 3.20 is a testing version containing experimental patches.
000b:fixme:winediag:start_process Please mention your exact version when filing bug reports on winehq.org.
0011:fixme:module:load_dll Loader redirect from L"uxtheme.dll" to L"uxtheme-gtk.dll"
000b:fixme:module:load_dll Loader redirect from L"uxtheme.dll" to L"uxtheme-gtk.dll"
000b:fixme:msg:pack_message msg 14 (WM_ERASEBKGND) not supported yet
wine: cannot find L"Z:\\mnt\\D\\msys64\\mingw64\\bin."
000d:fixme:module:load_dll Loader redirect from L"uxtheme.dll" to L"uxtheme-gtk.dll"
000d:fixme:msg:pack_message msg 14 (WM_ERASEBKGND) not supported yet


Compiling the C compiler identification source file "CMakeCCompilerId.c" failed.
Compiler: /home/bml/files/git_x4c/MINGW/bla.sh 
Build flags: 
Id flags: -Aa 

The output was:
2
000b:fixme:winediag:start_process Wine Staging 3.20 is a testing version containing experimental patches.
000b:fixme:winediag:start_process Please mention your exact version when filing bug reports on winehq.org.
0011:fixme:module:load_dll Loader redirect from L"uxtheme.dll" to L"uxtheme-gtk.dll"
000b:fixme:module:load_dll Loader redirect from L"uxtheme.dll" to L"uxtheme-gtk.dll"
000b:fixme:msg:pack_message msg 14 (WM_ERASEBKGND) not supported yet
wine: cannot find L"Z:\\mnt\\D\\msys64\\mingw64\\bin."
000d:fixme:module:load_dll Loader redirect from L"uxtheme.dll" to L"uxtheme-gtk.dll"
000d:fixme:msg:pack_message msg 14 (WM_ERASEBKGND) not supported yet


Compiling the C compiler identification source file "CMakeCCompilerId.c" failed.
Compiler: /home/bml/files/git_x4c/MINGW/bla.sh 
Build flags: 
Id flags: -D__CLASSIC_C__ 

The output was:
2
000b:fixme:winediag:start_process Wine Staging 3.20 is a testing version containing experimental patches.
000b:fixme:winediag:start_process Please mention your exact version when filing bug reports on winehq.org.
0011:fixme:module:load_dll Loader redirect from L"uxtheme.dll" to L"uxtheme-gtk.dll"
000b:fixme:module:load_dll Loader redirect from L"uxtheme.dll" to L"uxtheme-gtk.dll"
000b:fixme:msg:pack_message msg 14 (WM_ERASEBKGND) not supported yet
wine: cannot find L"Z:\\mnt\\D\\msys64\\mingw64\\bin."
000d:fixme:module:load_dll Loader redirect from L"uxtheme.dll" to L"uxtheme-gtk.dll"
000d:fixme:msg:pack_message msg 14 (WM_ERASEBKGND) not supported yet


Checking whether the C compiler is IAR using "" did not match "IAR .+ Compiler":
000b:fixme:winediag:start_process Wine Staging 3.20 is a testing version containing experimental patches.
000b:fixme:winediag:start_process Please mention your exact version when filing bug reports on winehq.org.
0011:fixme:module:load_dll Loader redirect from L"uxtheme.dll" to L"uxtheme-gtk.dll"
000b:fixme:module:load_dll Loader redirect from L"uxtheme.dll" to L"uxtheme-gtk.dll"
000b:fixme:msg:pack_message msg 14 (WM_ERASEBKGND) not supported yet
wine: cannot find L"Z:\\mnt\\D\\msys64\\mingw64\\bin."
000d:fixme:module:load_dll Loader redirect from L"uxtheme.dll" to L"uxtheme-gtk.dll"
000d:fixme:msg:pack_message msg 14 (WM_ERASEBKGND) not supported yet
Checking whether the C compiler is IAR using "" did not match "IAR .+ Compiler":
000b:fixme:winediag:start_process Wine Staging 3.20 is a testing version containing experimental patches.
000b:fixme:winediag:start_process Please mention your exact version when filing bug reports on winehq.org.
0011:fixme:module:load_dll Loader redirect from L"uxtheme.dll" to L"uxtheme-gtk.dll"
000b:fixme:module:load_dll Loader redirect from L"uxtheme.dll" to L"uxtheme-gtk.dll"
000b:fixme:msg:pack_message msg 14 (WM_ERASEBKGND) not supported yet
wine: cannot find L"Z:\\mnt\\D\\msys64\\mingw64\\bin."
000d:fixme:module:load_dll Loader redirect from L"uxtheme.dll" to L"uxtheme-gtk.dll"
000d:fixme:msg:pack_message msg 14 (WM_ERASEBKGND) not supported yet
Determining if the C compiler works failed with the following output:
Change Dir: /home/bml/files/git_x4c/MINGW/CMakeFiles/CMakeTmp

Run Build Command:"/usr/bin/gmake" "cmTC_e8b21/fast"
/usr/bin/gmake -f CMakeFiles/cmTC_e8b21.dir/build.make CMakeFiles/cmTC_e8b21.dir/build
gmake[1]: Entering directory '/home/bml/files/git_x4c/MINGW/CMakeFiles/CMakeTmp'
Building C object CMakeFiles/cmTC_e8b21.dir/testCCompiler.c.o
/home/bml/files/git_x4c/MINGW/bla.sh    -o CMakeFiles/cmTC_e8b21.dir/testCCompiler.c.o   -c /home/bml/files/git_x4c/MINGW/CMakeFiles/CMakeTmp/testCCompiler.c
000b:fixme:winediag:start_process Wine Staging 3.20 is a testing version containing experimental patches.
000b:fixme:winediag:start_process Please mention your exact version when filing bug reports on winehq.org.
0011:fixme:module:load_dll Loader redirect from L"uxtheme.dll" to L"uxtheme-gtk.dll"
000b:fixme:module:load_dll Loader redirect from L"uxtheme.dll" to L"uxtheme-gtk.dll"
000b:fixme:msg:pack_message msg 14 (WM_ERASEBKGND) not supported yet
wine: cannot find L"Z:\\mnt\\D\\msys64\\mingw64\\bin."
gmake[1]: *** [CMakeFiles/cmTC_e8b21.dir/build.make:66: CMakeFiles/cmTC_e8b21.dir/testCCompiler.c.o] Error 2
gmake[1]: Leaving directory '/home/bml/files/git_x4c/MINGW/CMakeFiles/CMakeTmp'
gmake: *** [Makefile:121: cmTC_e8b21/fast] Error 2
000d:fixme:module:load_dll Loader redirect from L"uxtheme.dll" to L"uxtheme-gtk.dll"
000d:fixme:msg:pack_message msg 14 (WM_ERASEBKGND) not supported yet


Compiling the C compiler identification source file "CMakeCCompilerId.c" failed.
Compiler: /home/bml/files/git_x4c/MINGW/bla.sh 
Build flags: 
Id flags:  

The output was:
1
000b:fixme:winediag:start_process Wine Staging 3.20 is a testing version containing experimental patches.
000b:fixme:winediag:start_process Please mention your exact version when filing bug reports on winehq.org.
0011:fixme:module:load_dll Loader redirect from L"uxtheme.dll" to L"uxtheme-gtk.dll"
000b:fixme:module:load_dll Loader redirect from L"uxtheme.dll" to L"uxtheme-gtk.dll"
000b:fixme:msg:pack_message msg 14 (WM_ERASEBKGND) not supported yet
002c:err:module:import_dll Library libgmp-10.dll (which is needed by L"Z:\\mnt\\D\\msys64\\mingw64\\lib\\gcc\\x86_64-w64-mingw32\\8.2.0\\cc1.exe") not found
002c:err:module:import_dll Library zlib1.dll (which is needed by L"Z:\\mnt\\D\\msys64\\mingw64\\lib\\gcc\\x86_64-w64-mingw32\\8.2.0\\cc1.exe") not found
002c:err:module:import_dll Library libwinpthread-1.dll (which is needed by L"Z:\\mnt\\D\\msys64\\mingw64\\lib\\gcc\\x86_64-w64-mingw32\\8.2.0\\cc1.exe") not found
002c:err:module:LdrInitializeThunk Importing dlls for L"Z:\\mnt\\D\\msys64\\mingw64\\lib\\gcc\\x86_64-w64-mingw32\\8.2.0\\cc1.exe" failed, status c0000135
000d:fixme:module:load_dll Loader redirect from L"uxtheme.dll" to L"uxtheme-gtk.dll"
000d:fixme:msg:pack_message msg 14 (WM_ERASEBKGND) not supported yet


Compiling the C compiler identification source file "CMakeCCompilerId.c" failed.
Compiler: /home/bml/files/git_x4c/MINGW/bla.sh 
Build flags: 
Id flags: -c 

The output was:
1
000b:fixme:winediag:start_process Wine Staging 3.20 is a testing version containing experimental patches.
000b:fixme:winediag:start_process Please mention your exact version when filing bug reports on winehq.org.
0011:fixme:module:load_dll Loader redirect from L"uxtheme.dll" to L"uxtheme-gtk.dll"
000b:fixme:module:load_dll Loader redirect from L"uxtheme.dll" to L"uxtheme-gtk.dll"
000b:fixme:msg:pack_message msg 14 (WM_ERASEBKGND) not supported yet
002c:err:module:import_dll Library libgmp-10.dll (which is needed by L"Z:\\mnt\\D\\msys64\\mingw64\\lib\\gcc\\x86_64-w64-mingw32\\8.2.0\\cc1.exe") not found
002c:err:module:import_dll Library zlib1.dll (which is needed by L"Z:\\mnt\\D\\msys64\\mingw64\\lib\\gcc\\x86_64-w64-mingw32\\8.2.0\\cc1.exe") not found
002c:err:module:import_dll Library libwinpthread-1.dll (which is needed by L"Z:\\mnt\\D\\msys64\\mingw64\\lib\\gcc\\x86_64-w64-mingw32\\8.2.0\\cc1.exe") not found
002c:err:module:LdrInitializeThunk Importing dlls for L"Z:\\mnt\\D\\msys64\\mingw64\\lib\\gcc\\x86_64-w64-mingw32\\8.2.0\\cc1.exe" failed, status c0000135
000d:fixme:module:load_dll Loader redirect from L"uxtheme.dll" to L"uxtheme-gtk.dll"
000d:fixme:msg:pack_message msg 14 (WM_ERASEBKGND) not supported yet


Compiling the C compiler identification source file "CMakeCCompilerId.c" failed.
Compiler: /home/bml/files/git_x4c/MINGW/bla.sh 
Build flags: 
Id flags: -Aa 

The output was:
1
000b:fixme:winediag:start_process Wine Staging 3.20 is a testing version containing experimental patches.
000b:fixme:winediag:start_process Please mention your exact version when filing bug reports on winehq.org.
0011:fixme:module:load_dll Loader redirect from L"uxtheme.dll" to L"uxtheme-gtk.dll"
000b:fixme:module:load_dll Loader redirect from L"uxtheme.dll" to L"uxtheme-gtk.dll"
000b:fixme:msg:pack_message msg 14 (WM_ERASEBKGND) not supported yet
002d:err:module:import_dll Library libgmp-10.dll (which is needed by L"Z:\\mnt\\D\\msys64\\mingw64\\lib\\gcc\\x86_64-w64-mingw32\\8.2.0\\cc1.exe") not found
002d:err:module:import_dll Library zlib1.dll (which is needed by L"Z:\\mnt\\D\\msys64\\mingw64\\lib\\gcc\\x86_64-w64-mingw32\\8.2.0\\cc1.exe") not found
002d:err:module:import_dll Library libwinpthread-1.dll (which is needed by L"Z:\\mnt\\D\\msys64\\mingw64\\lib\\gcc\\x86_64-w64-mingw32\\8.2.0\\cc1.exe") not found
002d:err:module:LdrInitializeThunk Importing dlls for L"Z:\\mnt\\D\\msys64\\mingw64\\lib\\gcc\\x86_64-w64-mingw32\\8.2.0\\cc1.exe" failed, status c0000135
000d:fixme:module:load_dll Loader redirect from L"uxtheme.dll" to L"uxtheme-gtk.dll"
000d:fixme:msg:pack_message msg 14 (WM_ERASEBKGND) not supported yet


Compiling the C compiler identification source file "CMakeCCompilerId.c" failed.
Compiler: /home/bml/files/git_x4c/MINGW/bla.sh 
Build flags: 
Id flags: -D__CLASSIC_C__ 

The output was:
1
000b:fixme:winediag:start_process Wine Staging 3.20 is a testing version containing experimental patches.
000b:fixme:winediag:start_process Please mention your exact version when filing bug reports on winehq.org.
0011:fixme:module:load_dll Loader redirect from L"uxtheme.dll" to L"uxtheme-gtk.dll"
000b:fixme:module:load_dll Loader redirect from L"uxtheme.dll" to L"uxtheme-gtk.dll"
000b:fixme:msg:pack_message msg 14 (WM_ERASEBKGND) not supported yet
002c:err:module:import_dll Library libgmp-10.dll (which is needed by L"Z:\\mnt\\D\\msys64\\mingw64\\lib\\gcc\\x86_64-w64-mingw32\\8.2.0\\cc1.exe") not found
002c:err:module:import_dll Library zlib1.dll (which is needed by L"Z:\\mnt\\D\\msys64\\mingw64\\lib\\gcc\\x86_64-w64-mingw32\\8.2.0\\cc1.exe") not found
002c:err:module:import_dll Library libwinpthread-1.dll (which is needed by L"Z:\\mnt\\D\\msys64\\mingw64\\lib\\gcc\\x86_64-w64-mingw32\\8.2.0\\cc1.exe") not found
002c:err:module:LdrInitializeThunk Importing dlls for L"Z:\\mnt\\D\\msys64\\mingw64\\lib\\gcc\\x86_64-w64-mingw32\\8.2.0\\cc1.exe" failed, status c0000135
000d:fixme:module:load_dll Loader redirect from L"uxtheme.dll" to L"uxtheme-gtk.dll"
000d:fixme:msg:pack_message msg 14 (WM_ERASEBKGND) not supported yet


Compiling the C compiler identification source file "CMakeCCompilerId.c" failed.
Compiler: /home/bml/files/git_x4c/MINGW/bla.sh 
Build flags: 
Id flags:  

The output was:
1
000b:fixme:winediag:start_process Wine Staging 3.20 is a testing version containing experimental patches.
000b:fixme:winediag:start_process Please mention your exact version when filing bug reports on winehq.org.
0011:fixme:module:load_dll Loader redirect from L"uxtheme.dll" to L"uxtheme-gtk.dll"
000b:fixme:module:load_dll Loader redirect from L"uxtheme.dll" to L"uxtheme-gtk.dll"
000b:fixme:msg:pack_message msg 14 (WM_ERASEBKGND) not supported yet
002c:err:module:import_dll Library libgmp-10.dll (which is needed by L"Z:\\mnt\\D\\msys64\\mingw64\\lib\\gcc\\x86_64-w64-mingw32\\8.2.0\\cc1.exe") not found
002c:err:module:import_dll Library zlib1.dll (which is needed by L"Z:\\mnt\\D\\msys64\\mingw64\\lib\\gcc\\x86_64-w64-mingw32\\8.2.0\\cc1.exe") not found
002c:err:module:import_dll Library libwinpthread-1.dll (which is needed by L"Z:\\mnt\\D\\msys64\\mingw64\\lib\\gcc\\x86_64-w64-mingw32\\8.2.0\\cc1.exe") not found
002c:err:module:LdrInitializeThunk Importing dlls for L"Z:\\mnt\\D\\msys64\\mingw64\\lib\\gcc\\x86_64-w64-mingw32\\8.2.0\\cc1.exe" failed, status c0000135
000d:fixme:module:load_dll Loader redirect from L"uxtheme.dll" to L"uxtheme-gtk.dll"
000d:fixme:msg:pack_message msg 14 (WM_ERASEBKGND) not supported yet


Compiling the C compiler identification source file "CMakeCCompilerId.c" failed.
Compiler: /home/bml/files/git_x4c/MINGW/bla.sh 
Build flags: 
Id flags: -c 

The output was:
1
000b:fixme:winediag:start_process Wine Staging 3.20 is a testing version containing experimental patches.
000b:fixme:winediag:start_process Please mention your exact version when filing bug reports on winehq.org.
0011:fixme:module:load_dll Loader redirect from L"uxtheme.dll" to L"uxtheme-gtk.dll"
000b:fixme:module:load_dll Loader redirect from L"uxtheme.dll" to L"uxtheme-gtk.dll"
000b:fixme:msg:pack_message msg 14 (WM_ERASEBKGND) not supported yet
002c:err:module:import_dll Library libgmp-10.dll (which is needed by L"Z:\\mnt\\D\\msys64\\mingw64\\lib\\gcc\\x86_64-w64-mingw32\\8.2.0\\cc1.exe") not found
002c:err:module:import_dll Library zlib1.dll (which is needed by L"Z:\\mnt\\D\\msys64\\mingw64\\lib\\gcc\\x86_64-w64-mingw32\\8.2.0\\cc1.exe") not found
002c:err:module:import_dll Library libwinpthread-1.dll (which is needed by L"Z:\\mnt\\D\\msys64\\mingw64\\lib\\gcc\\x86_64-w64-mingw32\\8.2.0\\cc1.exe") not found
002c:err:module:LdrInitializeThunk Importing dlls for L"Z:\\mnt\\D\\msys64\\mingw64\\lib\\gcc\\x86_64-w64-mingw32\\8.2.0\\cc1.exe" failed, status c0000135
000d:fixme:module:load_dll Loader redirect from L"uxtheme.dll" to L"uxtheme-gtk.dll"
000d:fixme:msg:pack_message msg 14 (WM_ERASEBKGND) not supported yet


Compiling the C compiler identification source file "CMakeCCompilerId.c" failed.
Compiler: /home/bml/files/git_x4c/MINGW/bla.sh 
Build flags: 
Id flags: -Aa 

The output was:
1
000b:fixme:winediag:start_process Wine Staging 3.20 is a testing version containing experimental patches.
000b:fixme:winediag:start_process Please mention your exact version when filing bug reports on winehq.org.
0011:fixme:module:load_dll Loader redirect from L"uxtheme.dll" to L"uxtheme-gtk.dll"
000b:fixme:module:load_dll Loader redirect from L"uxtheme.dll" to L"uxtheme-gtk.dll"
000b:fixme:msg:pack_message msg 14 (WM_ERASEBKGND) not supported yet
002c:err:module:import_dll Library libgmp-10.dll (which is needed by L"Z:\\mnt\\D\\msys64\\mingw64\\lib\\gcc\\x86_64-w64-mingw32\\8.2.0\\cc1.exe") not found
002c:err:module:import_dll Library zlib1.dll (which is needed by L"Z:\\mnt\\D\\msys64\\mingw64\\lib\\gcc\\x86_64-w64-mingw32\\8.2.0\\cc1.exe") not found
002c:err:module:import_dll Library libwinpthread-1.dll (which is needed by L"Z:\\mnt\\D\\msys64\\mingw64\\lib\\gcc\\x86_64-w64-mingw32\\8.2.0\\cc1.exe") not found
002c:err:module:LdrInitializeThunk Importing dlls for L"Z:\\mnt\\D\\msys64\\mingw64\\lib\\gcc\\x86_64-w64-mingw32\\8.2.0\\cc1.exe" failed, status c0000135
000d:fixme:module:load_dll Loader redirect from L"uxtheme.dll" to L"uxtheme-gtk.dll"
000d:fixme:msg:pack_message msg 14 (WM_ERASEBKGND) not supported yet


Compiling the C compiler identification source file "CMakeCCompilerId.c" failed.
Compiler: /home/bml/files/git_x4c/MINGW/bla.sh 
Build flags: 
Id flags: -D__CLASSIC_C__ 

The output was:
1
000b:fixme:winediag:start_process Wine Staging 3.20 is a testing version containing experimental patches.
000b:fixme:winediag:start_process Please mention your exact version when filing bug reports on winehq.org.
0011:fixme:module:load_dll Loader redirect from L"uxtheme.dll" to L"uxtheme-gtk.dll"
000b:fixme:module:load_dll Loader redirect from L"uxtheme.dll" to L"uxtheme-gtk.dll"
000b:fixme:msg:pack_message msg 14 (WM_ERASEBKGND) not supported yet
002c:err:module:import_dll Library libgmp-10.dll (which is needed by L"Z:\\mnt\\D\\msys64\\mingw64\\lib\\gcc\\x86_64-w64-mingw32\\8.2.0\\cc1.exe") not found
002c:err:module:import_dll Library zlib1.dll (which is needed by L"Z:\\mnt\\D\\msys64\\mingw64\\lib\\gcc\\x86_64-w64-mingw32\\8.2.0\\cc1.exe") not found
002c:err:module:import_dll Library libwinpthread-1.dll (which is needed by L"Z:\\mnt\\D\\msys64\\mingw64\\lib\\gcc\\x86_64-w64-mingw32\\8.2.0\\cc1.exe") not found
002c:err:module:LdrInitializeThunk Importing dlls for L"Z:\\mnt\\D\\msys64\\mingw64\\lib\\gcc\\x86_64-w64-mingw32\\8.2.0\\cc1.exe" failed, status c0000135
000d:fixme:module:load_dll Loader redirect from L"uxtheme.dll" to L"uxtheme-gtk.dll"
000d:fixme:msg:pack_message msg 14 (WM_ERASEBKGND) not supported yet


Checking whether the C compiler is IAR using "" did not match "IAR .+ Compiler":
000b:fixme:winediag:start_process Wine Staging 3.20 is a testing version containing experimental patches.
000b:fixme:winediag:start_process Please mention your exact version when filing bug reports on winehq.org.
0011:fixme:module:load_dll Loader redirect from L"uxtheme.dll" to L"uxtheme-gtk.dll"
000b:fixme:module:load_dll Loader redirect from L"uxtheme.dll" to L"uxtheme-gtk.dll"
000b:fixme:msg:pack_message msg 14 (WM_ERASEBKGND) not supported yet
gcc.exe: fatal error: no input files
compilation terminated.
000d:fixme:module:load_dll Loader redirect from L"uxtheme.dll" to L"uxtheme-gtk.dll"
000d:fixme:msg:pack_message msg 14 (WM_ERASEBKGND) not supported yet
Checking whether the C compiler is IAR using "" did not match "IAR .+ Compiler":
000b:fixme:winediag:start_process Wine Staging 3.20 is a testing version containing experimental patches.
000b:fixme:winediag:start_process Please mention your exact version when filing bug reports on winehq.org.
0011:fixme:module:load_dll Loader redirect from L"uxtheme.dll" to L"uxtheme-gtk.dll"
000b:fixme:module:load_dll Loader redirect from L"uxtheme.dll" to L"uxtheme-gtk.dll"
000b:fixme:msg:pack_message msg 14 (WM_ERASEBKGND) not supported yet
gcc.exe: fatal error: no input files
compilation terminated.
000d:fixme:module:load_dll Loader redirect from L"uxtheme.dll" to L"uxtheme-gtk.dll"
000d:fixme:msg:pack_message msg 14 (WM_ERASEBKGND) not supported yet
Determining if the C compiler works failed with the following output:
Change Dir: /home/bml/files/git_x4c/MINGW/CMakeFiles/CMakeTmp

Run Build Command:"/usr/bin/gmake" "cmTC_22999/fast"
/usr/bin/gmake -f CMakeFiles/cmTC_22999.dir/build.make CMakeFiles/cmTC_22999.dir/build
gmake[1]: Entering directory '/home/bml/files/git_x4c/MINGW/CMakeFiles/CMakeTmp'
Building C object CMakeFiles/cmTC_22999.dir/testCCompiler.c.o
/home/bml/files/git_x4c/MINGW/bla.sh    -o CMakeFiles/cmTC_22999.dir/testCCompiler.c.o   -c /home/bml/files/git_x4c/MINGW/CMakeFiles/CMakeTmp/testCCompiler.c
000b:fixme:winediag:start_process Wine Staging 3.20 is a testing version containing experimental patches.
000b:fixme:winediag:start_process Please mention your exact version when filing bug reports on winehq.org.
0011:fixme:module:load_dll Loader redirect from L"uxtheme.dll" to L"uxtheme-gtk.dll"
000b:fixme:module:load_dll Loader redirect from L"uxtheme.dll" to L"uxtheme-gtk.dll"
000b:fixme:msg:pack_message msg 14 (WM_ERASEBKGND) not supported yet
002c:err:module:import_dll Library libgmp-10.dll (which is needed by L"Z:\\mnt\\D\\msys64\\mingw64\\lib\\gcc\\x86_64-w64-mingw32\\8.2.0\\cc1.exe") not found
002c:err:module:import_dll Library zlib1.dll (which is needed by L"Z:\\mnt\\D\\msys64\\mingw64\\lib\\gcc\\x86_64-w64-mingw32\\8.2.0\\cc1.exe") not found
002c:err:module:import_dll Library libwinpthread-1.dll (which is needed by L"Z:\\mnt\\D\\msys64\\mingw64\\lib\\gcc\\x86_64-w64-mingw32\\8.2.0\\cc1.exe") not found
002c:err:module:LdrInitializeThunk Importing dlls for L"Z:\\mnt\\D\\msys64\\mingw64\\lib\\gcc\\x86_64-w64-mingw32\\8.2.0\\cc1.exe" failed, status c0000135
gmake[1]: *** [CMakeFiles/cmTC_22999.dir/build.make:66: CMakeFiles/cmTC_22999.dir/testCCompiler.c.o] Error 1
gmake[1]: Leaving directory '/home/bml/files/git_x4c/MINGW/CMakeFiles/CMakeTmp'
gmake: *** [Makefile:121: cmTC_22999/fast] Error 2
000d:fixme:module:load_dll Loader redirect from L"uxtheme.dll" to L"uxtheme-gtk.dll"
000d:fixme:msg:pack_message msg 14 (WM_ERASEBKGND) not supported yet


